This file contains any messages produced by compilers while
running configure, to aid debugging if configure makes a mistake.

configure:548: checking whether make sets ${MAKE}
configure:577: checking for main in -lefence
configure:620: checking for main in -lpthread
configure:663: checking for pthreads_cond_init in -lpthreads
configure:716: checking for dirent.h that defines DIR
configure:754: checking for opendir in -ldir
configure:837: checking how to run the C preprocessor
configure:917: checking for ANSI C header files
configure:1021: checking for sys/wait.h that is POSIX.1 compatible
configure:1066: checking for fcntl.h
configure:1066: checking for limits.h
configure:1066: checking for malloc.h
configure:1066: checking for strings.h
configure:1066: checking for termio.h
configure:1066: checking for unistd.h
configure:1066: checking for sys/ioctl.h
configure:1066: checking for sys/time.h
configure:1066: checking for netinet/tcp.h
configure:1066: checking for sys/xti.h
configure:1066: checking for pthread.h
configure:1066: checking for zlib.h
configure:1066: checking for windows.h
configure:1066: checking for sys/param.h
configure:1066: checking for sys/poll.h
configure:1066: checking for poll.h
configure:1105: checking for working const
configure:1180: checking whether time.h and sys/time.h may both be included
configure:1215: checking for ptrdiff_t
configure:1248: checking for pid_t
configure:1281: checking for size_t
configure:1314: checking return type of signal handlers
configure:1355: checking size of unsigned short
configure:1395: checking size of unsigned
configure:1435: checking size of unsigned long
configure:1475: checking size of char *
configure:1515: checking size of ptrdiff_t
configure:1555: checking size of size_t
configure:1597: checking for vprintf
configure:1704: checking for gethostname
configure:1704: checking for gettimeofday
configure:1704: checking for select
configure:1704: checking for poll
configure:1704: checking for socket
configure:1704: checking for strdup
configure:1704: checking for strerror
configure:1759: checking for memcmp
configure:1759: checking for memcpy
configure:1759: checking for memmove
configure:1759: checking for memset
configure:1841: checking host system type
configure:1862: checking target system type
configure:1880: checking build system type
